<?xml version="1.0" encoding="UTF-8"?>
<testng-results ignored="0" total="2" passed="2" failed="0" skipped="0">
  <reporter-output>
  </reporter-output>
  <suite started-at="2021-07-10T05:14:40 IST" name="Default suite" finished-at="2021-07-10T05:14:49 IST" duration-ms="9367">
    <groups>
    </groups>
    <test started-at="2021-07-10T05:14:40 IST" name="Default test" finished-at="2021-07-10T05:14:49 IST" duration-ms="9367">
      <class name="pageObjectModel.TestCase2POJ">
        <test-method is-config="true" signature="launchBrowser()[pri:0, instance:pageObjectModel.TestCase2POJ@7880cdf3]" started-at="2021-07-10T05:14:31 IST" name="launchBrowser" finished-at="2021-07-10T05:14:40 IST" duration-ms="8269" status="PASS">
          <reporter-output>
          </reporter-output>
        </test-method> <!-- launchBrowser -->
        <test-method signature="login()[pri:0, instance:pageObjectModel.TestCase2POJ@7880cdf3]" started-at="2021-07-10T05:14:40 IST" name="login" finished-at="2021-07-10T05:14:45 IST" duration-ms="5000" status="PASS">
          <reporter-output>
          </reporter-output>
        </test-method> <!-- login -->
        <test-method signature="addingUser()[pri:0, instance:pageObjectModel.TestCase2POJ@7880cdf3]" started-at="2021-07-10T05:14:45 IST" name="addingUser" finished-at="2021-07-10T05:14:49 IST" depends-on-methods="pageObjectModel.TestCase2POJ.login" duration-ms="4276" status="PASS">
          <reporter-output>
          </reporter-output>
        </test-method> <!-- addingUser -->
      </class> <!-- pageObjectModel.TestCase2POJ -->
    </test> <!-- Default test -->
  </suite> <!-- Default suite -->
</testng-results>
